1719179255.365947 client started (67268): version 3.4, socket /private/tmp/tmux-501/default, protocol 8
1719179255.366057 on Darwin 23.1.0 Darwin Kernel Version 23.1.0: Mon Oct  9 21:28:12 PDT 2023; root:xnu-10002.41.9~6/RELEASE_ARM64_T8103
1719179255.366074 using libevent 2.1.12-stable select
1719179255.366394 using utf8proc 2.9.0
1719179255.366408 using ncurses 6.5 20240427
1719179255.366433 flags are 0x10010000
1719179255.366441 socket is /private/tmp/tmux-501/default
1719179255.366453 trying connect
1719179255.366510 add peer 0x110008000: 6 (0x0)
1719179255.368724 sending message 100 to peer 0x110008000 (4 bytes)
1719179255.368737 sending message 111 to peer 0x110008000 (8 bytes)
1719179255.368746 sending message 101 to peer 0x110008000 (14 bytes)
1719179255.368753 sending message 109 to peer 0x110008000 (4 bytes)
1719179255.368761 sending message 102 to peer 0x110008000 (13 bytes)
1719179255.368768 sending message 108 to peer 0x110008000 (83 bytes)
1719179255.368775 sending message 112 to peer 0x110008000 (70 bytes)
1719179255.368782 sending message 112 to peer 0x110008000 (5 bytes)
1719179255.368789 sending message 112 to peer 0x110008000 (5 bytes)
1719179255.368795 sending message 112 to peer 0x110008000 (6 bytes)
1719179255.368802 sending message 112 to peer 0x110008000 (6 bytes)
1719179255.368809 sending message 112 to peer 0x110008000 (11 bytes)
1719179255.368816 sending message 112 to peer 0x110008000 (10 bytes)
1719179255.368823 sending message 112 to peer 0x110008000 (13 bytes)
1719179255.368829 sending message 112 to peer 0x110008000 (13 bytes)
1719179255.368836 sending message 112 to peer 0x110008000 (18 bytes)
1719179255.368857 sending message 112 to peer 0x110008000 (11 bytes)
1719179255.368868 sending message 112 to peer 0x110008000 (10 bytes)
1719179255.368879 sending message 112 to peer 0x110008000 (15 bytes)
1719179255.368886 sending message 112 to peer 0x110008000 (21 bytes)
1719179255.368895 sending message 112 to peer 0x110008000 (13 bytes)
1719179255.368902 sending message 112 to peer 0x110008000 (7 bytes)
1719179255.368909 sending message 112 to peer 0x110008000 (13 bytes)
1719179255.368916 sending message 112 to peer 0x110008000 (7 bytes)
1719179255.368923 sending message 112 to peer 0x110008000 (13 bytes)
1719179255.368930 sending message 112 to peer 0x110008000 (9 bytes)
1719179255.368937 sending message 112 to peer 0x110008000 (21 bytes)
1719179255.368943 sending message 112 to peer 0x110008000 (13 bytes)
1719179255.368950 sending message 112 to peer 0x110008000 (8 bytes)
1719179255.368957 sending message 112 to peer 0x110008000 (12 bytes)
1719179255.368963 sending message 112 to peer 0x110008000 (13 bytes)
1719179255.368970 sending message 112 to peer 0x110008000 (9 bytes)
1719179255.368977 sending message 112 to peer 0x110008000 (9 bytes)
1719179255.368984 sending message 112 to peer 0x110008000 (12 bytes)
1719179255.368991 sending message 112 to peer 0x110008000 (8 bytes)
1719179255.368997 sending message 112 to peer 0x110008000 (7 bytes)
1719179255.369004 sending message 112 to peer 0x110008000 (7 bytes)
1719179255.369011 sending message 112 to peer 0x110008000 (9 bytes)
1719179255.369017 sending message 112 to peer 0x110008000 (13 bytes)
1719179255.369024 sending message 112 to peer 0x110008000 (6 bytes)
1719179255.369031 sending message 112 to peer 0x110008000 (9 bytes)
1719179255.369037 sending message 112 to peer 0x110008000 (13 bytes)
1719179255.369044 sending message 112 to peer 0x110008000 (12 bytes)
1719179255.369051 sending message 112 to peer 0x110008000 (8 bytes)
1719179255.369057 sending message 112 to peer 0x110008000 (9 bytes)
1719179255.369064 sending message 112 to peer 0x110008000 (10 bytes)
1719179255.369071 sending message 112 to peer 0x110008000 (10 bytes)
1719179255.369077 sending message 112 to peer 0x110008000 (10 bytes)
1719179255.369084 sending message 112 to peer 0x110008000 (10 bytes)
1719179255.369091 sending message 112 to peer 0x110008000 (11 bytes)
1719179255.369097 sending message 112 to peer 0x110008000 (10 bytes)
1719179255.369104 sending message 112 to peer 0x110008000 (8 bytes)
1719179255.369135 sending message 112 to peer 0x110008000 (11 bytes)
1719179255.369140 sending message 112 to peer 0x110008000 (11 bytes)
1719179255.369145 sending message 112 to peer 0x110008000 (11 bytes)
1719179255.369150 sending message 112 to peer 0x110008000 (8 bytes)
1719179255.369155 sending message 112 to peer 0x110008000 (8 bytes)
1719179255.369160 sending message 112 to peer 0x110008000 (8 bytes)
1719179255.369165 sending message 112 to peer 0x110008000 (10 bytes)
1719179255.369170 sending message 112 to peer 0x110008000 (10 bytes)
1719179255.369175 sending message 112 to peer 0x110008000 (10 bytes)
1719179255.369180 sending message 112 to peer 0x110008000 (10 bytes)
1719179255.369185 sending message 112 to peer 0x110008000 (10 bytes)
1719179255.369189 sending message 112 to peer 0x110008000 (11 bytes)
1719179255.369194 sending message 112 to peer 0x110008000 (11 bytes)
1719179255.369199 sending message 112 to peer 0x110008000 (10 bytes)
1719179255.369204 sending message 112 to peer 0x110008000 (9 bytes)
1719179255.369209 sending message 112 to peer 0x110008000 (9 bytes)
1719179255.369214 sending message 112 to peer 0x110008000 (12 bytes)
1719179255.369219 sending message 112 to peer 0x110008000 (9 bytes)
1719179255.369224 sending message 112 to peer 0x110008000 (6 bytes)
1719179255.369229 sending message 112 to peer 0x110008000 (8 bytes)
1719179255.369234 sending message 112 to peer 0x110008000 (15 bytes)
1719179255.369239 sending message 112 to peer 0x110008000 (13 bytes)
1719179255.369244 sending message 112 to peer 0x110008000 (9 bytes)
1719179255.369249 sending message 112 to peer 0x110008000 (70 bytes)
1719179255.369254 sending message 112 to peer 0x110008000 (69 bytes)
1719179255.369259 sending message 112 to peer 0x110008000 (10 bytes)
1719179255.369264 sending message 112 to peer 0x110008000 (10 bytes)
1719179255.369269 sending message 112 to peer 0x110008000 (8 bytes)
1719179255.369273 sending message 112 to peer 0x110008000 (15 bytes)
1719179255.369278 sending message 112 to peer 0x110008000 (13 bytes)
1719179255.369283 sending message 112 to peer 0x110008000 (10 bytes)
1719179255.369288 sending message 112 to peer 0x110008000 (10 bytes)
1719179255.369293 sending message 112 to peer 0x110008000 (13 bytes)
1719179255.369298 sending message 112 to peer 0x110008000 (9 bytes)
1719179255.369303 sending message 112 to peer 0x110008000 (5 bytes)
1719179255.369308 sending message 112 to peer 0x110008000 (5 bytes)
1719179255.369315 sending message 104 to peer 0x110008000 (0 bytes)
1719179255.369321 sending message 110 to peer 0x110008000 (0 bytes)
1719179255.369327 sending message 107 to peer 0x110008000 (4 bytes)
1719179255.369332 sending message 105 to peer 0x110008000 (15 bytes)
1719179255.369337 sending message 105 to peer 0x110008000 (20 bytes)
1719179255.369342 sending message 105 to peer 0x110008000 (22 bytes)
1719179255.369347 sending message 105 to peer 0x110008000 (36 bytes)
1719179255.369352 sending message 105 to peer 0x110008000 (44 bytes)
1719179255.369357 sending message 105 to peer 0x110008000 (14 bytes)
1719179255.369362 sending message 105 to peer 0x110008000 (21 bytes)
1719179255.369367 sending message 105 to peer 0x110008000 (37 bytes)
1719179255.369372 sending message 105 to peer 0x110008000 (30 bytes)
1719179255.369377 sending message 105 to peer 0x110008000 (34 bytes)
1719179255.369382 sending message 105 to peer 0x110008000 (60 bytes)
1719179255.369387 sending message 105 to peer 0x110008000 (22 bytes)
1719179255.369392 sending message 105 to peer 0x110008000 (61 bytes)
1719179255.369397 sending message 105 to peer 0x110008000 (17 bytes)
1719179255.369402 sending message 105 to peer 0x110008000 (19 bytes)
1719179255.369407 sending message 105 to peer 0x110008000 (26 bytes)
1719179255.369412 sending message 105 to peer 0x110008000 (8 bytes)
1719179255.369416 sending message 105 to peer 0x110008000 (17 bytes)
1719179255.369421 sending message 105 to peer 0x110008000 (32 bytes)
1719179255.369426 sending message 105 to peer 0x110008000 (96 bytes)
1719179255.369431 sending message 105 to peer 0x110008000 (146 bytes)
1719179255.369445 sending message 105 to peer 0x110008000 (90 bytes)
1719179255.369450 sending message 105 to peer 0x110008000 (12 bytes)
1719179255.369455 sending message 105 to peer 0x110008000 (11 bytes)
1719179255.369460 sending message 105 to peer 0x110008000 (662 bytes)
1719179255.369465 sending message 105 to peer 0x110008000 (39 bytes)
1719179255.369470 sending message 105 to peer 0x110008000 (87 bytes)
1719179255.369475 sending message 105 to peer 0x110008000 (15 bytes)
1719179255.369480 sending message 105 to peer 0x110008000 (8 bytes)
1719179255.369485 sending message 105 to peer 0x110008000 (66 bytes)
1719179255.369490 sending message 105 to peer 0x110008000 (19 bytes)
1719179255.369494 sending message 105 to peer 0x110008000 (86 bytes)
1719179255.369499 sending message 105 to peer 0x110008000 (44 bytes)
1719179255.369504 sending message 105 to peer 0x110008000 (18 bytes)
1719179255.369509 sending message 105 to peer 0x110008000 (25 bytes)
1719179255.369514 sending message 105 to peer 0x110008000 (60 bytes)
1719179255.369519 sending message 105 to peer 0x110008000 (57 bytes)
1719179255.369524 sending message 105 to peer 0x110008000 (43 bytes)
1719179255.369529 sending message 105 to peer 0x110008000 (13 bytes)
1719179255.369533 sending message 105 to peer 0x110008000 (56 bytes)
1719179255.369538 sending message 105 to peer 0x110008000 (14 bytes)
1719179255.369543 sending message 105 to peer 0x110008000 (14 bytes)
1719179255.369548 sending message 105 to peer 0x110008000 (19 bytes)
1719179255.369553 sending message 105 to peer 0x110008000 (31 bytes)
1719179255.369557 sending message 105 to peer 0x110008000 (11 bytes)
1719179255.369562 sending message 105 to peer 0x110008000 (7 bytes)
1719179255.369567 sending message 105 to peer 0x110008000 (26 bytes)
1719179255.369572 sending message 105 to peer 0x110008000 (22 bytes)
1719179255.369577 sending message 105 to peer 0x110008000 (43 bytes)
1719179255.369582 sending message 105 to peer 0x110008000 (32 bytes)
1719179255.369587 sending message 105 to peer 0x110008000 (10 bytes)
1719179255.369592 sending message 105 to peer 0x110008000 (29 bytes)
1719179255.369597 sending message 105 to peer 0x110008000 (23 bytes)
1719179255.369601 sending message 105 to peer 0x110008000 (30 bytes)
1719179255.369606 sending message 105 to peer 0x110008000 (25 bytes)
1719179255.369611 sending message 106 to peer 0x110008000 (0 bytes)
1719179255.369686 sending message 200 to peer 0x110008000 (4 bytes)
1719179255.369693 client loop enter
1719179255.369930 peer 0x110008000 message 303
1719179255.369938 open write file 2 -
1719179255.369949 sending message 305 to peer 0x110008000 (8 bytes)
1719179255.369964 write check file 2
1719179255.369992 peer 0x110008000 message 304
1719179255.369997 write 58 to file 2
1719179255.370004 peer 0x110008000 message 203
1719179255.370009 file 2 58 bytes left
1719179255.370024 write check file 2
1719179255.370030 client loop exit
